\BOOKMARK [0][-]{chapter.1}{\376\377\000C\000l\000a\000s\000s\000\040\000I\000n\000d\000e\000x}{}% 1
\BOOKMARK [1][-]{section.1.1}{\376\377\000C\000l\000a\000s\000s\000\040\000L\000i\000s\000t}{chapter.1}% 2
\BOOKMARK [0][-]{chapter.2}{\376\377\000F\000i\000l\000e\000\040\000I\000n\000d\000e\000x}{}% 3
\BOOKMARK [1][-]{section.2.1}{\376\377\000F\000i\000l\000e\000\040\000L\000i\000s\000t}{chapter.2}% 4
\BOOKMARK [0][-]{chapter.3}{\376\377\000C\000l\000a\000s\000s\000\040\000D\000o\000c\000u\000m\000e\000n\000t\000a\000t\000i\000o\000n}{}% 5
\BOOKMARK [1][-]{section.3.1}{\376\377\000A\000c\000c\000o\000u\000n\000t\000\040\000S\000t\000r\000u\000c\000t\000\040\000R\000e\000f\000e\000r\000e\000n\000c\000e}{chapter.3}% 6
\BOOKMARK [2][-]{subsection.3.1.1}{\376\377\000M\000e\000m\000b\000e\000r\000\040\000F\000u\000n\000c\000t\000i\000o\000n\000\040\000D\000o\000c\000u\000m\000e\000n\000t\000a\000t\000i\000o\000n}{section.3.1}% 7
\BOOKMARK [3][-]{subsubsection.3.1.1.1}{\376\377\000g\000e\000t\000K\000e\000y}{subsection.3.1.1}% 8
\BOOKMARK [3][-]{subsubsection.3.1.1.2}{\376\377\000h\000a\000s\000h}{subsection.3.1.1}% 9
\BOOKMARK [2][-]{subsection.3.1.2}{\376\377\000M\000e\000m\000b\000e\000r\000\040\000D\000a\000t\000a\000\040\000D\000o\000c\000u\000m\000e\000n\000t\000a\000t\000i\000o\000n}{section.3.1}% 10
\BOOKMARK [3][-]{subsubsection.3.1.2.1}{\376\377\000a\000c\000c\000t\000N\000u\000m}{subsection.3.1.2}% 11
\BOOKMARK [3][-]{subsubsection.3.1.2.2}{\376\377\000b\000a\000l\000a\000n\000c\000e}{subsection.3.1.2}% 12
\BOOKMARK [1][-]{section.3.2}{\376\377\000B\000S\000T\000r\000e\000e\000<\000\040\000D\000a\000t\000a\000T\000y\000p\000e\000,\000\040\000K\000e\000y\000T\000y\000p\000e\000\040\000>\000\040\000C\000l\000a\000s\000s\000\040\000T\000e\000m\000p\000l\000a\000t\000e\000\040\000R\000e\000f\000e\000r\000e\000n\000c\000e}{chapter.3}% 13
\BOOKMARK [2][-]{subsection.3.2.1}{\376\377\000C\000o\000n\000s\000t\000r\000u\000c\000t\000o\000r\000\040\000\046\000\040\000D\000e\000s\000t\000r\000u\000c\000t\000o\000r\000\040\000D\000o\000c\000u\000m\000e\000n\000t\000a\000t\000i\000o\000n}{section.3.2}% 14
\BOOKMARK [3][-]{subsubsection.3.2.1.1}{\376\377\000B\000S\000T\000r\000e\000e}{subsection.3.2.1}% 15
\BOOKMARK [3][-]{subsubsection.3.2.1.2}{\376\377\000B\000S\000T\000r\000e\000e}{subsection.3.2.1}% 16
\BOOKMARK [3][-]{subsubsection.3.2.1.3}{\376\377\000B\000S\000T\000r\000e\000e}{subsection.3.2.1}% 17
\BOOKMARK [2][-]{subsection.3.2.2}{\376\377\000M\000e\000m\000b\000e\000r\000\040\000F\000u\000n\000c\000t\000i\000o\000n\000\040\000D\000o\000c\000u\000m\000e\000n\000t\000a\000t\000i\000o\000n}{section.3.2}% 18
\BOOKMARK [3][-]{subsubsection.3.2.2.1}{\376\377\000c\000l\000e\000a\000r}{subsection.3.2.2}% 19
\BOOKMARK [3][-]{subsubsection.3.2.2.2}{\376\377\000g\000e\000t\000C\000o\000u\000n\000t}{subsection.3.2.2}% 20
\BOOKMARK [3][-]{subsubsection.3.2.2.3}{\376\377\000g\000e\000t\000H\000e\000i\000g\000h\000t}{subsection.3.2.2}% 21
\BOOKMARK [3][-]{subsubsection.3.2.2.4}{\376\377\000i\000n\000s\000e\000r\000t}{subsection.3.2.2}% 22
\BOOKMARK [3][-]{subsubsection.3.2.2.5}{\376\377\000i\000s\000E\000m\000p\000t\000y}{subsection.3.2.2}% 23
\BOOKMARK [3][-]{subsubsection.3.2.2.6}{\376\377\000o\000p\000e\000r\000a\000t\000o\000r\000=}{subsection.3.2.2}% 24
\BOOKMARK [3][-]{subsubsection.3.2.2.7}{\376\377\000r\000e\000c\000C\000l\000e\000a\000r}{subsection.3.2.2}% 25
\BOOKMARK [3][-]{subsubsection.3.2.2.8}{\376\377\000r\000e\000c\000C\000o\000p\000y}{subsection.3.2.2}% 26
\BOOKMARK [3][-]{subsubsection.3.2.2.9}{\376\377\000r\000e\000c\000G\000e\000t\000C\000o\000u\000n\000t}{subsection.3.2.2}% 27
\BOOKMARK [3][-]{subsubsection.3.2.2.10}{\376\377\000r\000e\000c\000G\000e\000t\000H\000e\000i\000g\000h\000t}{subsection.3.2.2}% 28
\BOOKMARK [3][-]{subsubsection.3.2.2.11}{\376\377\000r\000e\000c\000I\000n\000s\000e\000r\000t}{subsection.3.2.2}% 29
\BOOKMARK [3][-]{subsubsection.3.2.2.12}{\376\377\000r\000e\000c\000R\000e\000m\000o\000v\000e}{subsection.3.2.2}% 30
\BOOKMARK [3][-]{subsubsection.3.2.2.13}{\376\377\000r\000e\000c\000R\000e\000t\000r\000i\000e\000v\000e}{subsection.3.2.2}% 31
\BOOKMARK [3][-]{subsubsection.3.2.2.14}{\376\377\000r\000e\000c\000W\000r\000i\000t\000e\000K\000e\000y\000s}{subsection.3.2.2}% 32
\BOOKMARK [3][-]{subsubsection.3.2.2.15}{\376\377\000r\000e\000c\000W\000r\000i\000t\000e\000L\000e\000s\000s\000T\000h\000a\000n}{subsection.3.2.2}% 33
\BOOKMARK [3][-]{subsubsection.3.2.2.16}{\376\377\000r\000e\000m\000o\000v\000e}{subsection.3.2.2}% 34
\BOOKMARK [3][-]{subsubsection.3.2.2.17}{\376\377\000r\000e\000t\000r\000i\000e\000v\000e}{subsection.3.2.2}% 35
\BOOKMARK [3][-]{subsubsection.3.2.2.18}{\376\377\000s\000h\000o\000w\000H\000e\000l\000p\000e\000r}{subsection.3.2.2}% 36
\BOOKMARK [3][-]{subsubsection.3.2.2.19}{\376\377\000s\000h\000o\000w\000S\000t\000r\000u\000c\000t\000u\000r\000e}{subsection.3.2.2}% 37
\BOOKMARK [3][-]{subsubsection.3.2.2.20}{\376\377\000w\000r\000i\000t\000e\000K\000e\000y\000s}{subsection.3.2.2}% 38
\BOOKMARK [3][-]{subsubsection.3.2.2.21}{\376\377\000w\000r\000i\000t\000e\000L\000e\000s\000s\000T\000h\000a\000n}{subsection.3.2.2}% 39
\BOOKMARK [2][-]{subsection.3.2.3}{\376\377\000M\000e\000m\000b\000e\000r\000\040\000D\000a\000t\000a\000\040\000D\000o\000c\000u\000m\000e\000n\000t\000a\000t\000i\000o\000n}{section.3.2}% 40
\BOOKMARK [3][-]{subsubsection.3.2.3.1}{\376\377\000r\000o\000o\000t}{subsection.3.2.3}% 41
\BOOKMARK [1][-]{section.3.3}{\376\377\000B\000S\000T\000r\000e\000e\000<\000\040\000D\000a\000t\000a\000T\000y\000p\000e\000,\000\040\000K\000e\000y\000T\000y\000p\000e\000\040\000>\000:\000:\000B\000S\000T\000r\000e\000e\000N\000o\000d\000e\000\040\000C\000l\000a\000s\000s\000\040\000R\000e\000f\000e\000r\000e\000n\000c\000e}{chapter.3}% 42
\BOOKMARK [2][-]{subsection.3.3.1}{\376\377\000C\000o\000n\000s\000t\000r\000u\000c\000t\000o\000r\000\040\000\046\000\040\000D\000e\000s\000t\000r\000u\000c\000t\000o\000r\000\040\000D\000o\000c\000u\000m\000e\000n\000t\000a\000t\000i\000o\000n}{section.3.3}% 43
\BOOKMARK [3][-]{subsubsection.3.3.1.1}{\376\377\000B\000S\000T\000r\000e\000e\000N\000o\000d\000e}{subsection.3.3.1}% 44
\BOOKMARK [2][-]{subsection.3.3.2}{\376\377\000M\000e\000m\000b\000e\000r\000\040\000D\000a\000t\000a\000\040\000D\000o\000c\000u\000m\000e\000n\000t\000a\000t\000i\000o\000n}{section.3.3}% 45
\BOOKMARK [3][-]{subsubsection.3.3.2.1}{\376\377\000d\000a\000t\000a\000I\000t\000e\000m}{subsection.3.3.2}% 46
\BOOKMARK [3][-]{subsubsection.3.3.2.2}{\376\377\000l\000e\000f\000t}{subsection.3.3.2}% 47
\BOOKMARK [3][-]{subsubsection.3.3.2.3}{\376\377\000r\000i\000g\000h\000t}{subsection.3.3.2}% 48
\BOOKMARK [1][-]{section.3.4}{\376\377\000D\000a\000t\000a\000\040\000S\000t\000r\000u\000c\000t\000\040\000R\000e\000f\000e\000r\000e\000n\000c\000e}{chapter.3}% 49
\BOOKMARK [2][-]{subsection.3.4.1}{\376\377\000M\000e\000m\000b\000e\000r\000\040\000F\000u\000n\000c\000t\000i\000o\000n\000\040\000D\000o\000c\000u\000m\000e\000n\000t\000a\000t\000i\000o\000n}{section.3.4}% 50
\BOOKMARK [3][-]{subsubsection.3.4.1.1}{\376\377\000g\000e\000t\000K\000e\000y}{subsection.3.4.1}% 51
\BOOKMARK [3][-]{subsubsection.3.4.1.2}{\376\377\000h\000a\000s\000h}{subsection.3.4.1}% 52
\BOOKMARK [3][-]{subsubsection.3.4.1.3}{\376\377\000s\000e\000t\000K\000e\000y}{subsection.3.4.1}% 53
\BOOKMARK [1][-]{section.3.5}{\376\377\000H\000a\000s\000h\000T\000a\000b\000l\000e\000<\000\040\000D\000a\000t\000a\000T\000y\000p\000e\000,\000\040\000K\000e\000y\000T\000y\000p\000e\000\040\000>\000\040\000C\000l\000a\000s\000s\000\040\000T\000e\000m\000p\000l\000a\000t\000e\000\040\000R\000e\000f\000e\000r\000e\000n\000c\000e}{chapter.3}% 54
\BOOKMARK [2][-]{subsection.3.5.1}{\376\377\000C\000o\000n\000s\000t\000r\000u\000c\000t\000o\000r\000\040\000\046\000\040\000D\000e\000s\000t\000r\000u\000c\000t\000o\000r\000\040\000D\000o\000c\000u\000m\000e\000n\000t\000a\000t\000i\000o\000n}{section.3.5}% 55
\BOOKMARK [3][-]{subsubsection.3.5.1.1}{\376\377\000H\000a\000s\000h\000T\000a\000b\000l\000e}{subsection.3.5.1}% 56
\BOOKMARK [3][-]{subsubsection.3.5.1.2}{\376\377\000H\000a\000s\000h\000T\000a\000b\000l\000e}{subsection.3.5.1}% 57
\BOOKMARK [3][-]{subsubsection.3.5.1.3}{\376\377\000H\000a\000s\000h\000T\000a\000b\000l\000e}{subsection.3.5.1}% 58
\BOOKMARK [2][-]{subsection.3.5.2}{\376\377\000M\000e\000m\000b\000e\000r\000\040\000F\000u\000n\000c\000t\000i\000o\000n\000\040\000D\000o\000c\000u\000m\000e\000n\000t\000a\000t\000i\000o\000n}{section.3.5}% 59
\BOOKMARK [3][-]{subsubsection.3.5.2.1}{\376\377\000c\000l\000e\000a\000r}{subsection.3.5.2}% 60
\BOOKMARK [3][-]{subsubsection.3.5.2.2}{\376\377\000i\000n\000s\000e\000r\000t}{subsection.3.5.2}% 61
\BOOKMARK [3][-]{subsubsection.3.5.2.3}{\376\377\000i\000s\000E\000m\000p\000t\000y}{subsection.3.5.2}% 62
\BOOKMARK [3][-]{subsubsection.3.5.2.4}{\376\377\000o\000p\000e\000r\000a\000t\000o\000r\000=}{subsection.3.5.2}% 63
\BOOKMARK [3][-]{subsubsection.3.5.2.5}{\376\377\000r\000e\000m\000o\000v\000e}{subsection.3.5.2}% 64
\BOOKMARK [3][-]{subsubsection.3.5.2.6}{\376\377\000r\000e\000t\000r\000i\000e\000v\000e}{subsection.3.5.2}% 65
\BOOKMARK [3][-]{subsubsection.3.5.2.7}{\376\377\000s\000h\000o\000w\000S\000t\000r\000u\000c\000t\000u\000r\000e}{subsection.3.5.2}% 66
\BOOKMARK [3][-]{subsubsection.3.5.2.8}{\376\377\000s\000t\000a\000n\000d\000a\000r\000d\000D\000e\000v\000i\000a\000t\000i\000o\000n}{subsection.3.5.2}% 67
\BOOKMARK [1][-]{section.3.6}{\376\377\000L\000o\000g\000i\000n\000I\000n\000f\000o\000\040\000C\000l\000a\000s\000s\000\040\000R\000e\000f\000e\000r\000e\000n\000c\000e}{chapter.3}% 68
\BOOKMARK [2][-]{subsection.3.6.1}{\376\377\000M\000e\000m\000b\000e\000r\000\040\000F\000u\000n\000c\000t\000i\000o\000n\000\040\000D\000o\000c\000u\000m\000e\000n\000t\000a\000t\000i\000o\000n}{section.3.6}% 69
\BOOKMARK [3][-]{subsubsection.3.6.1.1}{\376\377\000g\000e\000t\000K\000e\000y}{subsection.3.6.1}% 70
\BOOKMARK [3][-]{subsubsection.3.6.1.2}{\376\377\000g\000e\000t\000P\000a\000s\000s\000w\000o\000r\000d}{subsection.3.6.1}% 71
\BOOKMARK [3][-]{subsubsection.3.6.1.3}{\376\377\000h\000a\000s\000h}{subsection.3.6.1}% 72
\BOOKMARK [3][-]{subsubsection.3.6.1.4}{\376\377\000s\000e\000t\000I\000n\000f\000o}{subsection.3.6.1}% 73
\BOOKMARK [1][-]{section.3.7}{\376\377\000T\000e\000s\000t\000D\000a\000t\000a\000\040\000C\000l\000a\000s\000s\000\040\000R\000e\000f\000e\000r\000e\000n\000c\000e}{chapter.3}% 74
\BOOKMARK [2][-]{subsection.3.7.1}{\376\377\000C\000o\000n\000s\000t\000r\000u\000c\000t\000o\000r\000\040\000\046\000\040\000D\000e\000s\000t\000r\000u\000c\000t\000o\000r\000\040\000D\000o\000c\000u\000m\000e\000n\000t\000a\000t\000i\000o\000n}{section.3.7}% 75
\BOOKMARK [3][-]{subsubsection.3.7.1.1}{\376\377\000T\000e\000s\000t\000D\000a\000t\000a}{subsection.3.7.1}% 76
\BOOKMARK [3][-]{subsubsection.3.7.1.2}{\376\377\000T\000e\000s\000t\000D\000a\000t\000a}{subsection.3.7.1}% 77
\BOOKMARK [2][-]{subsection.3.7.2}{\376\377\000M\000e\000m\000b\000e\000r\000\040\000F\000u\000n\000c\000t\000i\000o\000n\000\040\000D\000o\000c\000u\000m\000e\000n\000t\000a\000t\000i\000o\000n}{section.3.7}% 78
\BOOKMARK [3][-]{subsubsection.3.7.2.1}{\376\377\000g\000e\000t\000K\000e\000y}{subsection.3.7.2}% 79
\BOOKMARK [3][-]{subsubsection.3.7.2.2}{\376\377\000g\000e\000t\000V\000a\000l\000u\000e}{subsection.3.7.2}% 80
\BOOKMARK [3][-]{subsubsection.3.7.2.3}{\376\377\000h\000a\000s\000h}{subsection.3.7.2}% 81
\BOOKMARK [3][-]{subsubsection.3.7.2.4}{\376\377\000s\000e\000t\000K\000e\000y}{subsection.3.7.2}% 82
\BOOKMARK [0][-]{chapter.4}{\376\377\000F\000i\000l\000e\000\040\000D\000o\000c\000u\000m\000e\000n\000t\000a\000t\000i\000o\000n}{}% 83
\BOOKMARK [1][-]{section.4.1}{\376\377\000B\000S\000T\000r\000e\000e\000.\000c\000p\000p\000\040\000F\000i\000l\000e\000\040\000R\000e\000f\000e\000r\000e\000n\000c\000e}{chapter.4}% 84
\BOOKMARK [1][-]{section.4.2}{\376\377\000B\000S\000T\000r\000e\000e\000.\000h\000\040\000F\000i\000l\000e\000\040\000R\000e\000f\000e\000r\000e\000n\000c\000e}{chapter.4}% 85
\BOOKMARK [1][-]{section.4.3}{\376\377\000e\000x\000a\000m\000p\000l\000e\0001\000.\000c\000p\000p\000\040\000F\000i\000l\000e\000\040\000R\000e\000f\000e\000r\000e\000n\000c\000e}{chapter.4}% 86
\BOOKMARK [2][-]{subsection.4.3.1}{\376\377\000F\000u\000n\000c\000t\000i\000o\000n\000\040\000D\000o\000c\000u\000m\000e\000n\000t\000a\000t\000i\000o\000n}{section.4.3}% 87
\BOOKMARK [3][-]{subsubsection.4.3.1.1}{\376\377\000m\000a\000i\000n}{subsection.4.3.1}% 88
\BOOKMARK [1][-]{section.4.4}{\376\377\000H\000a\000s\000h\000T\000a\000b\000l\000e\000.\000c\000p\000p\000\040\000F\000i\000l\000e\000\040\000R\000e\000f\000e\000r\000e\000n\000c\000e}{chapter.4}% 89
\BOOKMARK [1][-]{section.4.5}{\376\377\000H\000a\000s\000h\000T\000a\000b\000l\000e\000.\000h\000\040\000F\000i\000l\000e\000\040\000R\000e\000f\000e\000r\000e\000n\000c\000e}{chapter.4}% 90
\BOOKMARK [1][-]{section.4.6}{\376\377\000l\000o\000g\000i\000n\000.\000c\000p\000p\000\040\000F\000i\000l\000e\000\040\000R\000e\000f\000e\000r\000e\000n\000c\000e}{chapter.4}% 91
\BOOKMARK [2][-]{subsection.4.6.1}{\376\377\000F\000u\000n\000c\000t\000i\000o\000n\000\040\000D\000o\000c\000u\000m\000e\000n\000t\000a\000t\000i\000o\000n}{section.4.6}% 92
\BOOKMARK [3][-]{subsubsection.4.6.1.1}{\376\377\000m\000a\000i\000n}{subsection.4.6.1}% 93
\BOOKMARK [1][-]{section.4.7}{\376\377\000s\000h\000o\000w\0001\0000\000.\000c\000p\000p\000\040\000F\000i\000l\000e\000\040\000R\000e\000f\000e\000r\000e\000n\000c\000e}{chapter.4}% 94
\BOOKMARK [1][-]{section.4.8}{\376\377\000t\000e\000s\000t\0001\0000\000.\000c\000p\000p\000\040\000F\000i\000l\000e\000\040\000R\000e\000f\000e\000r\000e\000n\000c\000e}{chapter.4}% 95
\BOOKMARK [2][-]{subsection.4.8.1}{\376\377\000F\000u\000n\000c\000t\000i\000o\000n\000\040\000D\000o\000c\000u\000m\000e\000n\000t\000a\000t\000i\000o\000n}{section.4.8}% 96
\BOOKMARK [3][-]{subsubsection.4.8.1.1}{\376\377\000m\000a\000i\000n}{subsection.4.8.1}% 97
\BOOKMARK [3][-]{subsubsection.4.8.1.2}{\376\377\000p\000r\000i\000n\000t\000\137\000h\000e\000l\000p}{subsection.4.8.1}% 98
\BOOKMARK [1][-]{section.4.9}{\376\377\000t\000e\000s\000t\0001\0000\000s\000t\000d\000.\000c\000p\000p\000\040\000F\000i\000l\000e\000\040\000R\000e\000f\000e\000r\000e\000n\000c\000e}{chapter.4}% 99
\BOOKMARK [2][-]{subsection.4.9.1}{\376\377\000F\000u\000n\000c\000t\000i\000o\000n\000\040\000D\000o\000c\000u\000m\000e\000n\000t\000a\000t\000i\000o\000n}{section.4.9}% 100
\BOOKMARK [3][-]{subsubsection.4.9.1.1}{\376\377\000m\000a\000i\000n}{subsection.4.9.1}% 101
\BOOKMARK [-1][-]{section*.28}{\376\377\000I\000n\000d\000e\000x}{}% 102
