\BOOKMARK [0][-]{chapter.1}{\376\377\000H\000i\000e\000r\000a\000r\000c\000h\000i\000c\000a\000l\000\040\000I\000n\000d\000e\000x}{}% 1
\BOOKMARK [1][-]{section.1.1}{\376\377\000C\000l\000a\000s\000s\000\040\000H\000i\000e\000r\000a\000r\000c\000h\000y}{chapter.1}% 2
\BOOKMARK [0][-]{chapter.2}{\376\377\000C\000l\000a\000s\000s\000\040\000I\000n\000d\000e\000x}{}% 3
\BOOKMARK [1][-]{section.2.1}{\376\377\000C\000l\000a\000s\000s\000\040\000L\000i\000s\000t}{chapter.2}% 4
\BOOKMARK [0][-]{chapter.3}{\376\377\000F\000i\000l\000e\000\040\000I\000n\000d\000e\000x}{}% 5
\BOOKMARK [1][-]{section.3.1}{\376\377\000F\000i\000l\000e\000\040\000L\000i\000s\000t}{chapter.3}% 6
\BOOKMARK [0][-]{chapter.4}{\376\377\000C\000l\000a\000s\000s\000\040\000D\000o\000c\000u\000m\000e\000n\000t\000a\000t\000i\000o\000n}{}% 7
\BOOKMARK [1][-]{section.4.1}{\376\377\000G\000r\000e\000a\000t\000e\000r\000<\000\040\000K\000e\000y\000T\000y\000p\000e\000\040\000>\000\040\000C\000l\000a\000s\000s\000\040\000T\000e\000m\000p\000l\000a\000t\000e\000\040\000R\000e\000f\000e\000r\000e\000n\000c\000e}{chapter.4}% 8
\BOOKMARK [2][-]{subsection.4.1.1}{\376\377\000M\000e\000m\000b\000e\000r\000\040\000F\000u\000n\000c\000t\000i\000o\000n\000\040\000D\000o\000c\000u\000m\000e\000n\000t\000a\000t\000i\000o\000n}{section.4.1}% 9
\BOOKMARK [3][-]{subsubsection.4.1.1.1}{\376\377\000o\000p\000e\000r\000a\000t\000o\000r\000\050\000\051}{subsection.4.1.1}% 10
\BOOKMARK [1][-]{section.4.2}{\376\377\000H\000e\000a\000p\000<\000\040\000D\000a\000t\000a\000T\000y\000p\000e\000,\000\040\000K\000e\000y\000T\000y\000p\000e\000,\000\040\000C\000o\000m\000p\000a\000r\000a\000t\000o\000r\000\040\000>\000\040\000C\000l\000a\000s\000s\000\040\000T\000e\000m\000p\000l\000a\000t\000e\000\040\000R\000e\000f\000e\000r\000e\000n\000c\000e}{chapter.4}% 11
\BOOKMARK [2][-]{subsection.4.2.1}{\376\377\000C\000o\000n\000s\000t\000r\000u\000c\000t\000o\000r\000\040\000\046\000\040\000D\000e\000s\000t\000r\000u\000c\000t\000o\000r\000\040\000D\000o\000c\000u\000m\000e\000n\000t\000a\000t\000i\000o\000n}{section.4.2}% 12
\BOOKMARK [3][-]{subsubsection.4.2.1.1}{\376\377\000H\000e\000a\000p}{subsection.4.2.1}% 13
\BOOKMARK [3][-]{subsubsection.4.2.1.2}{\376\377\000H\000e\000a\000p}{subsection.4.2.1}% 14
\BOOKMARK [3][-]{subsubsection.4.2.1.3}{\376\377\000H\000e\000a\000p}{subsection.4.2.1}% 15
\BOOKMARK [2][-]{subsection.4.2.2}{\376\377\000M\000e\000m\000b\000e\000r\000\040\000F\000u\000n\000c\000t\000i\000o\000n\000\040\000D\000o\000c\000u\000m\000e\000n\000t\000a\000t\000i\000o\000n}{section.4.2}% 16
\BOOKMARK [3][-]{subsubsection.4.2.2.1}{\376\377\000c\000l\000e\000a\000r}{subsection.4.2.2}% 17
\BOOKMARK [3][-]{subsubsection.4.2.2.2}{\376\377\000i\000n\000s\000e\000r\000t}{subsection.4.2.2}% 18
\BOOKMARK [3][-]{subsubsection.4.2.2.3}{\376\377\000i\000s\000E\000m\000p\000t\000y}{subsection.4.2.2}% 19
\BOOKMARK [3][-]{subsubsection.4.2.2.4}{\376\377\000i\000s\000F\000u\000l\000l}{subsection.4.2.2}% 20
\BOOKMARK [3][-]{subsubsection.4.2.2.5}{\376\377\000o\000p\000e\000r\000a\000t\000o\000r\000=}{subsection.4.2.2}% 21
\BOOKMARK [3][-]{subsubsection.4.2.2.6}{\376\377\000r\000e\000m\000o\000v\000e}{subsection.4.2.2}% 22
\BOOKMARK [3][-]{subsubsection.4.2.2.7}{\376\377\000s\000h\000o\000w\000S\000t\000r\000u\000c\000t\000u\000r\000e}{subsection.4.2.2}% 23
\BOOKMARK [3][-]{subsubsection.4.2.2.8}{\376\377\000w\000r\000i\000t\000e\000L\000e\000v\000e\000l\000s}{subsection.4.2.2}% 24
\BOOKMARK [2][-]{subsection.4.2.3}{\376\377\000M\000e\000m\000b\000e\000r\000\040\000D\000a\000t\000a\000\040\000D\000o\000c\000u\000m\000e\000n\000t\000a\000t\000i\000o\000n}{section.4.2}% 25
\BOOKMARK [3][-]{subsubsection.4.2.3.1}{\376\377\000D\000E\000F\000A\000U\000L\000T\000\137\000M\000A\000X\000\137\000H\000E\000A\000P\000\137\000S\000I\000Z\000E}{subsection.4.2.3}% 26
\BOOKMARK [1][-]{section.4.3}{\376\377\000L\000e\000s\000s\000<\000\040\000K\000e\000y\000T\000y\000p\000e\000\040\000>\000\040\000C\000l\000a\000s\000s\000\040\000T\000e\000m\000p\000l\000a\000t\000e\000\040\000R\000e\000f\000e\000r\000e\000n\000c\000e}{chapter.4}% 27
\BOOKMARK [2][-]{subsection.4.3.1}{\376\377\000M\000e\000m\000b\000e\000r\000\040\000F\000u\000n\000c\000t\000i\000o\000n\000\040\000D\000o\000c\000u\000m\000e\000n\000t\000a\000t\000i\000o\000n}{section.4.3}% 28
\BOOKMARK [3][-]{subsubsection.4.3.1.1}{\376\377\000o\000p\000e\000r\000a\000t\000o\000r\000\050\000\051}{subsection.4.3.1}% 29
\BOOKMARK [1][-]{section.4.4}{\376\377\000P\000r\000i\000o\000r\000i\000t\000y\000Q\000u\000e\000u\000e\000<\000\040\000D\000a\000t\000a\000T\000y\000p\000e\000,\000\040\000K\000e\000y\000T\000y\000p\000e\000,\000\040\000C\000o\000m\000p\000a\000r\000a\000t\000o\000r\000\040\000>\000\040\000C\000l\000a\000s\000s\000\040\000T\000e\000m\000p\000l\000a\000t\000e\000\040\000R\000e\000f\000e\000r\000e\000n\000c\000e}{chapter.4}% 30
\BOOKMARK [2][-]{subsection.4.4.1}{\376\377\000C\000o\000n\000s\000t\000r\000u\000c\000t\000o\000r\000\040\000\046\000\040\000D\000e\000s\000t\000r\000u\000c\000t\000o\000r\000\040\000D\000o\000c\000u\000m\000e\000n\000t\000a\000t\000i\000o\000n}{section.4.4}% 31
\BOOKMARK [3][-]{subsubsection.4.4.1.1}{\376\377\000P\000r\000i\000o\000r\000i\000t\000y\000Q\000u\000e\000u\000e}{subsection.4.4.1}% 32
\BOOKMARK [3][-]{subsubsection.4.4.1.2}{\376\377\000P\000r\000i\000o\000r\000i\000t\000y\000Q\000u\000e\000u\000e}{subsection.4.4.1}% 33
\BOOKMARK [3][-]{subsubsection.4.4.1.3}{\376\377\000P\000r\000i\000o\000r\000i\000t\000y\000Q\000u\000e\000u\000e}{subsection.4.4.1}% 34
\BOOKMARK [2][-]{subsection.4.4.2}{\376\377\000M\000e\000m\000b\000e\000r\000\040\000F\000u\000n\000c\000t\000i\000o\000n\000\040\000D\000o\000c\000u\000m\000e\000n\000t\000a\000t\000i\000o\000n}{section.4.4}% 35
\BOOKMARK [3][-]{subsubsection.4.4.2.1}{\376\377\000c\000l\000e\000a\000r}{subsection.4.4.2}% 36
\BOOKMARK [3][-]{subsubsection.4.4.2.2}{\376\377\000d\000e\000q\000u\000e\000u\000e}{subsection.4.4.2}% 37
\BOOKMARK [3][-]{subsubsection.4.4.2.3}{\376\377\000e\000n\000q\000u\000e\000u\000e}{subsection.4.4.2}% 38
\BOOKMARK [3][-]{subsubsection.4.4.2.4}{\376\377\000i\000s\000E\000m\000p\000t\000y}{subsection.4.4.2}% 39
\BOOKMARK [3][-]{subsubsection.4.4.2.5}{\376\377\000i\000s\000F\000u\000l\000l}{subsection.4.4.2}% 40
\BOOKMARK [3][-]{subsubsection.4.4.2.6}{\376\377\000o\000p\000e\000r\000a\000t\000o\000r\000=}{subsection.4.4.2}% 41
\BOOKMARK [1][-]{section.4.5}{\376\377\000T\000a\000s\000k\000D\000a\000t\000a\000\040\000S\000t\000r\000u\000c\000t\000\040\000R\000e\000f\000e\000r\000e\000n\000c\000e}{chapter.4}% 42
\BOOKMARK [2][-]{subsection.4.5.1}{\376\377\000M\000e\000m\000b\000e\000r\000\040\000F\000u\000n\000c\000t\000i\000o\000n\000\040\000D\000o\000c\000u\000m\000e\000n\000t\000a\000t\000i\000o\000n}{section.4.5}% 43
\BOOKMARK [3][-]{subsubsection.4.5.1.1}{\376\377\000g\000e\000t\000P\000r\000i\000o\000r\000i\000t\000y}{subsection.4.5.1}% 44
\BOOKMARK [3][-]{subsubsection.4.5.1.2}{\376\377\000g\000e\000t\000P\000r\000i\000o\000r\000i\000t\000y}{subsection.4.5.1}% 45
\BOOKMARK [2][-]{subsection.4.5.2}{\376\377\000M\000e\000m\000b\000e\000r\000\040\000D\000a\000t\000a\000\040\000D\000o\000c\000u\000m\000e\000n\000t\000a\000t\000i\000o\000n}{section.4.5}% 46
\BOOKMARK [3][-]{subsubsection.4.5.2.1}{\376\377\000a\000r\000r\000i\000v\000e\000d}{subsection.4.5.2}% 47
\BOOKMARK [3][-]{subsubsection.4.5.2.2}{\376\377\000p\000r\000i\000o\000r\000i\000t\000y}{subsection.4.5.2}% 48
\BOOKMARK [1][-]{section.4.6}{\376\377\000T\000e\000s\000t\000D\000a\000t\000a\000\040\000C\000l\000a\000s\000s\000\040\000R\000e\000f\000e\000r\000e\000n\000c\000e}{chapter.4}% 49
\BOOKMARK [2][-]{subsection.4.6.1}{\376\377\000M\000e\000m\000b\000e\000r\000\040\000F\000u\000n\000c\000t\000i\000o\000n\000\040\000D\000o\000c\000u\000m\000e\000n\000t\000a\000t\000i\000o\000n}{section.4.6}% 50
\BOOKMARK [3][-]{subsubsection.4.6.1.1}{\376\377\000g\000e\000t\000P\000r\000i\000o\000r\000i\000t\000y}{subsection.4.6.1}% 51
\BOOKMARK [3][-]{subsubsection.4.6.1.2}{\376\377\000g\000e\000t\000P\000r\000i\000o\000r\000i\000t\000y}{subsection.4.6.1}% 52
\BOOKMARK [3][-]{subsubsection.4.6.1.3}{\376\377\000s\000e\000t\000P\000r\000i\000o\000r\000i\000t\000y}{subsection.4.6.1}% 53
\BOOKMARK [3][-]{subsubsection.4.6.1.4}{\376\377\000s\000e\000t\000P\000r\000i\000o\000r\000i\000t\000y}{subsection.4.6.1}% 54
\BOOKMARK [1][-]{section.4.7}{\376\377\000T\000e\000s\000t\000D\000a\000t\000a\000I\000t\000e\000m\000<\000\040\000K\000e\000y\000T\000y\000p\000e\000\040\000>\000\040\000C\000l\000a\000s\000s\000\040\000T\000e\000m\000p\000l\000a\000t\000e\000\040\000R\000e\000f\000e\000r\000e\000n\000c\000e}{chapter.4}% 55
\BOOKMARK [2][-]{subsection.4.7.1}{\376\377\000C\000o\000n\000s\000t\000r\000u\000c\000t\000o\000r\000\040\000\046\000\040\000D\000e\000s\000t\000r\000u\000c\000t\000o\000r\000\040\000D\000o\000c\000u\000m\000e\000n\000t\000a\000t\000i\000o\000n}{section.4.7}% 56
\BOOKMARK [3][-]{subsubsection.4.7.1.1}{\376\377\000T\000e\000s\000t\000D\000a\000t\000a\000I\000t\000e\000m}{subsection.4.7.1}% 57
\BOOKMARK [2][-]{subsection.4.7.2}{\376\377\000M\000e\000m\000b\000e\000r\000\040\000F\000u\000n\000c\000t\000i\000o\000n\000\040\000D\000o\000c\000u\000m\000e\000n\000t\000a\000t\000i\000o\000n}{section.4.7}% 58
\BOOKMARK [3][-]{subsubsection.4.7.2.1}{\376\377\000g\000e\000t\000P\000r\000i\000o\000r\000i\000t\000y}{subsection.4.7.2}% 59
\BOOKMARK [3][-]{subsubsection.4.7.2.2}{\376\377\000s\000e\000t\000P\000r\000i\000o\000r\000i\000t\000y}{subsection.4.7.2}% 60
\BOOKMARK [0][-]{chapter.5}{\376\377\000F\000i\000l\000e\000\040\000D\000o\000c\000u\000m\000e\000n\000t\000a\000t\000i\000o\000n}{}% 61
\BOOKMARK [1][-]{section.5.1}{\376\377\000c\000o\000n\000f\000i\000g\000.\000h\000\040\000F\000i\000l\000e\000\040\000R\000e\000f\000e\000r\000e\000n\000c\000e}{chapter.5}% 62
\BOOKMARK [2][-]{subsection.5.1.1}{\376\377\000M\000a\000c\000r\000o\000\040\000D\000e\000f\000i\000n\000i\000t\000i\000o\000n\000\040\000D\000o\000c\000u\000m\000e\000n\000t\000a\000t\000i\000o\000n}{section.5.1}% 63
\BOOKMARK [3][-]{subsubsection.5.1.1.1}{\376\377\000L\000A\000B\0001\0001\000\137\000T\000E\000S\000T\0001}{subsection.5.1.1}% 64
\BOOKMARK [1][-]{section.5.2}{\376\377\000H\000e\000a\000p\000.\000c\000p\000p\000\040\000F\000i\000l\000e\000\040\000R\000e\000f\000e\000r\000e\000n\000c\000e}{chapter.5}% 65
\BOOKMARK [1][-]{section.5.3}{\376\377\000H\000e\000a\000p\000.\000h\000\040\000F\000i\000l\000e\000\040\000R\000e\000f\000e\000r\000e\000n\000c\000e}{chapter.5}% 66
\BOOKMARK [1][-]{section.5.4}{\376\377\000H\000e\000a\000p\0002\000.\000c\000p\000p\000\040\000F\000i\000l\000e\000\040\000R\000e\000f\000e\000r\000e\000n\000c\000e}{chapter.5}% 67
\BOOKMARK [1][-]{section.5.5}{\376\377\000h\000e\000a\000p\000s\000o\000r\000t\000.\000c\000s\000\040\000F\000i\000l\000e\000\040\000R\000e\000f\000e\000r\000e\000n\000c\000e}{chapter.5}% 68
\BOOKMARK [2][-]{subsection.5.5.1}{\376\377\000F\000u\000n\000c\000t\000i\000o\000n\000\040\000D\000o\000c\000u\000m\000e\000n\000t\000a\000t\000i\000o\000n}{section.5.5}% 69
\BOOKMARK [3][-]{subsubsection.5.5.1.1}{\376\377\000h\000e\000a\000p\000S\000o\000r\000t}{subsection.5.5.1}% 70
\BOOKMARK [3][-]{subsubsection.5.5.1.2}{\376\377\000m\000o\000v\000e\000D\000o\000w\000n}{subsection.5.5.1}% 71
\BOOKMARK [1][-]{section.5.6}{\376\377\000o\000s\000s\000i\000m\000.\000c\000p\000p\000\040\000F\000i\000l\000e\000\040\000R\000e\000f\000e\000r\000e\000n\000c\000e}{chapter.5}% 72
\BOOKMARK [2][-]{subsection.5.6.1}{\376\377\000F\000u\000n\000c\000t\000i\000o\000n\000\040\000D\000o\000c\000u\000m\000e\000n\000t\000a\000t\000i\000o\000n}{section.5.6}% 73
\BOOKMARK [3][-]{subsubsection.5.6.1.1}{\376\377\000m\000a\000i\000n}{subsection.5.6.1}% 74
\BOOKMARK [1][-]{section.5.7}{\376\377\000o\000s\000s\000i\000m\000.\000c\000s\000\040\000F\000i\000l\000e\000\040\000R\000e\000f\000e\000r\000e\000n\000c\000e}{chapter.5}% 75
\BOOKMARK [2][-]{subsection.5.7.1}{\376\377\000F\000u\000n\000c\000t\000i\000o\000n\000\040\000D\000o\000c\000u\000m\000e\000n\000t\000a\000t\000i\000o\000n}{section.5.7}% 76
\BOOKMARK [3][-]{subsubsection.5.7.1.1}{\376\377\000m\000a\000i\000n}{subsection.5.7.1}% 77
\BOOKMARK [1][-]{section.5.8}{\376\377\000P\000r\000i\000o\000r\000i\000t\000y\000Q\000u\000e\000u\000e\000.\000c\000p\000p\000\040\000F\000i\000l\000e\000\040\000R\000e\000f\000e\000r\000e\000n\000c\000e}{chapter.5}% 78
\BOOKMARK [1][-]{section.5.9}{\376\377\000P\000r\000i\000o\000r\000i\000t\000y\000Q\000u\000e\000u\000e\000.\000h\000\040\000F\000i\000l\000e\000\040\000R\000e\000f\000e\000r\000e\000n\000c\000e}{chapter.5}% 79
\BOOKMARK [2][-]{subsection.5.9.1}{\376\377\000V\000a\000r\000i\000a\000b\000l\000e\000\040\000D\000o\000c\000u\000m\000e\000n\000t\000a\000t\000i\000o\000n}{section.5.9}% 80
\BOOKMARK [3][-]{subsubsection.5.9.1.1}{\376\377\000d\000e\000f\000M\000a\000x\000Q\000u\000e\000u\000e\000S\000i\000z\000e}{subsection.5.9.1}% 81
\BOOKMARK [1][-]{section.5.10}{\376\377\000s\000h\000o\000w\0001\0001\000.\000c\000p\000p\000\040\000F\000i\000l\000e\000\040\000R\000e\000f\000e\000r\000e\000n\000c\000e}{chapter.5}% 82
\BOOKMARK [1][-]{section.5.11}{\376\377\000t\000e\000s\000t\0001\0001\000.\000c\000p\000p\000\040\000F\000i\000l\000e\000\040\000R\000e\000f\000e\000r\000e\000n\000c\000e}{chapter.5}% 83
\BOOKMARK [2][-]{subsection.5.11.1}{\376\377\000F\000u\000n\000c\000t\000i\000o\000n\000\040\000D\000o\000c\000u\000m\000e\000n\000t\000a\000t\000i\000o\000n}{section.5.11}% 84
\BOOKMARK [3][-]{subsubsection.5.11.1.1}{\376\377\000m\000a\000i\000n}{subsection.5.11.1}% 85
\BOOKMARK [3][-]{subsubsection.5.11.1.2}{\376\377\000p\000r\000i\000n\000t\000H\000e\000l\000p}{subsection.5.11.1}% 86
\BOOKMARK [1][-]{section.5.12}{\376\377\000t\000e\000s\000t\0001\0001\000h\000s\000.\000c\000p\000p\000\040\000F\000i\000l\000e\000\040\000R\000e\000f\000e\000r\000e\000n\000c\000e}{chapter.5}% 87
\BOOKMARK [2][-]{subsection.5.12.1}{\376\377\000F\000u\000n\000c\000t\000i\000o\000n\000\040\000D\000o\000c\000u\000m\000e\000n\000t\000a\000t\000i\000o\000n}{section.5.12}% 88
\BOOKMARK [3][-]{subsubsection.5.12.1.1}{\376\377\000m\000a\000i\000n}{subsection.5.12.1}% 89
\BOOKMARK [2][-]{subsection.5.12.2}{\376\377\000V\000a\000r\000i\000a\000b\000l\000e\000\040\000D\000o\000c\000u\000m\000e\000n\000t\000a\000t\000i\000o\000n}{section.5.12}% 90
\BOOKMARK [3][-]{subsubsection.5.12.2.1}{\376\377\000M\000A\000X\000\137\000N\000U\000M\000\137\000D\000A\000T\000A\000\137\000I\000T\000E\000M\000S}{subsection.5.12.2}% 91
\BOOKMARK [1][-]{section.5.13}{\376\377\000t\000e\000s\000t\0001\0001\000p\000q\000.\000c\000p\000p\000\040\000F\000i\000l\000e\000\040\000R\000e\000f\000e\000r\000e\000n\000c\000e}{chapter.5}% 92
\BOOKMARK [2][-]{subsection.5.13.1}{\376\377\000F\000u\000n\000c\000t\000i\000o\000n\000\040\000D\000o\000c\000u\000m\000e\000n\000t\000a\000t\000i\000o\000n}{section.5.13}% 93
\BOOKMARK [3][-]{subsubsection.5.13.1.1}{\376\377\000m\000a\000i\000n}{subsection.5.13.1}% 94
\BOOKMARK [3][-]{subsubsection.5.13.1.2}{\376\377\000p\000r\000i\000n\000t\000H\000e\000l\000p}{subsection.5.13.1}% 95
\BOOKMARK [-1][-]{section*.28}{\376\377\000I\000n\000d\000e\000x}{}% 96
