\BOOKMARK [0][-]{chapter.1}{\376\377\000C\000l\000a\000s\000s\000\040\000I\000n\000d\000e\000x}{}% 1
\BOOKMARK [1][-]{section.1.1}{\376\377\000C\000l\000a\000s\000s\000\040\000L\000i\000s\000t}{chapter.1}% 2
\BOOKMARK [0][-]{chapter.2}{\376\377\000F\000i\000l\000e\000\040\000I\000n\000d\000e\000x}{}% 3
\BOOKMARK [1][-]{section.2.1}{\376\377\000F\000i\000l\000e\000\040\000L\000i\000s\000t}{chapter.2}% 4
\BOOKMARK [0][-]{chapter.3}{\376\377\000C\000l\000a\000s\000s\000\040\000D\000o\000c\000u\000m\000e\000n\000t\000a\000t\000i\000o\000n}{}% 5
\BOOKMARK [1][-]{section.3.1}{\376\377\000W\000e\000i\000g\000h\000t\000e\000d\000G\000r\000a\000p\000h\000:\000:\000V\000e\000r\000t\000e\000x\000\040\000C\000l\000a\000s\000s\000\040\000R\000e\000f\000e\000r\000e\000n\000c\000e}{chapter.3}% 6
\BOOKMARK [2][-]{subsection.3.1.1}{\376\377\000M\000e\000m\000b\000e\000r\000\040\000F\000u\000n\000c\000t\000i\000o\000n\000\040\000D\000o\000c\000u\000m\000e\000n\000t\000a\000t\000i\000o\000n}{section.3.1}% 7
\BOOKMARK [3][-]{subsubsection.3.1.1.1}{\376\377\000g\000e\000t\000C\000o\000l\000o\000r}{subsection.3.1.1}% 8
\BOOKMARK [3][-]{subsubsection.3.1.1.2}{\376\377\000g\000e\000t\000L\000a\000b\000e\000l}{subsection.3.1.1}% 9
\BOOKMARK [3][-]{subsubsection.3.1.1.3}{\376\377\000s\000e\000t\000C\000o\000l\000o\000r}{subsection.3.1.1}% 10
\BOOKMARK [3][-]{subsubsection.3.1.1.4}{\376\377\000s\000e\000t\000L\000a\000b\000e\000l}{subsection.3.1.1}% 11
\BOOKMARK [1][-]{section.3.2}{\376\377\000V\000e\000r\000t\000e\000x\000\040\000C\000l\000a\000s\000s\000\040\000R\000e\000f\000e\000r\000e\000n\000c\000e}{chapter.3}% 12
\BOOKMARK [2][-]{subsection.3.2.1}{\376\377\000M\000e\000m\000b\000e\000r\000\040\000D\000a\000t\000a\000\040\000D\000o\000c\000u\000m\000e\000n\000t\000a\000t\000i\000o\000n}{section.3.2}% 13
\BOOKMARK [3][-]{subsubsection.3.2.1.1}{\376\377\000c\000o\000l\000o\000r}{subsection.3.2.1}% 14
\BOOKMARK [3][-]{subsubsection.3.2.1.2}{\376\377\000l\000a\000b\000e\000l}{subsection.3.2.1}% 15
\BOOKMARK [1][-]{section.3.3}{\376\377\000W\000e\000i\000g\000h\000t\000e\000d\000G\000r\000a\000p\000h\000\040\000C\000l\000a\000s\000s\000\040\000R\000e\000f\000e\000r\000e\000n\000c\000e}{chapter.3}% 16
\BOOKMARK [2][-]{subsection.3.3.1}{\376\377\000C\000o\000n\000s\000t\000r\000u\000c\000t\000o\000r\000\040\000\046\000\040\000D\000e\000s\000t\000r\000u\000c\000t\000o\000r\000\040\000D\000o\000c\000u\000m\000e\000n\000t\000a\000t\000i\000o\000n}{section.3.3}% 17
\BOOKMARK [3][-]{subsubsection.3.3.1.1}{\376\377\000W\000e\000i\000g\000h\000t\000e\000d\000G\000r\000a\000p\000h}{subsection.3.3.1}% 18
\BOOKMARK [3][-]{subsubsection.3.3.1.2}{\376\377\000W\000e\000i\000g\000h\000t\000e\000d\000G\000r\000a\000p\000h}{subsection.3.3.1}% 19
\BOOKMARK [3][-]{subsubsection.3.3.1.3}{\376\377\000W\000e\000i\000g\000h\000t\000e\000d\000G\000r\000a\000p\000h}{subsection.3.3.1}% 20
\BOOKMARK [3][-]{subsubsection.3.3.1.4}{\376\377\000W\000e\000i\000g\000h\000t\000e\000d\000G\000r\000a\000p\000h}{subsection.3.3.1}% 21
\BOOKMARK [3][-]{subsubsection.3.3.1.5}{\376\377\000W\000e\000i\000g\000h\000t\000e\000d\000G\000r\000a\000p\000h}{subsection.3.3.1}% 22
\BOOKMARK [3][-]{subsubsection.3.3.1.6}{\376\377\000W\000e\000i\000g\000h\000t\000e\000d\000G\000r\000a\000p\000h}{subsection.3.3.1}% 23
\BOOKMARK [2][-]{subsection.3.3.2}{\376\377\000M\000e\000m\000b\000e\000r\000\040\000F\000u\000n\000c\000t\000i\000o\000n\000\040\000D\000o\000c\000u\000m\000e\000n\000t\000a\000t\000i\000o\000n}{section.3.3}% 24
\BOOKMARK [3][-]{subsubsection.3.3.2.1}{\376\377\000a\000r\000e\000A\000l\000l\000E\000v\000e\000n}{subsection.3.3.2}% 25
\BOOKMARK [3][-]{subsubsection.3.3.2.2}{\376\377\000c\000l\000e\000a\000r}{subsection.3.3.2}% 26
\BOOKMARK [3][-]{subsubsection.3.3.2.3}{\376\377\000c\000l\000e\000a\000r}{subsection.3.3.2}% 27
\BOOKMARK [3][-]{subsubsection.3.3.2.4}{\376\377\000c\000o\000m\000p\000u\000t\000e\000P\000a\000t\000h\000s}{subsection.3.3.2}% 28
\BOOKMARK [3][-]{subsubsection.3.3.2.5}{\376\377\000e\000d\000g\000e\000W\000e\000i\000g\000h\000t}{subsection.3.3.2}% 29
\BOOKMARK [3][-]{subsubsection.3.3.2.6}{\376\377\000g\000e\000t\000E\000d\000g\000e\000W\000e\000i\000g\000h\000t}{subsection.3.3.2}% 30
\BOOKMARK [3][-]{subsubsection.3.3.2.7}{\376\377\000g\000e\000t\000E\000d\000g\000e\000W\000e\000i\000g\000h\000t}{subsection.3.3.2}% 31
\BOOKMARK [3][-]{subsubsection.3.3.2.8}{\376\377\000h\000a\000s\000P\000r\000o\000p\000e\000r\000C\000o\000l\000o\000r\000i\000n\000g}{subsection.3.3.2}% 32
\BOOKMARK [3][-]{subsubsection.3.3.2.9}{\376\377\000i\000n\000s\000e\000r\000t\000E\000d\000g\000e}{subsection.3.3.2}% 33
\BOOKMARK [3][-]{subsubsection.3.3.2.10}{\376\377\000i\000n\000s\000e\000r\000t\000E\000d\000g\000e}{subsection.3.3.2}% 34
\BOOKMARK [3][-]{subsubsection.3.3.2.11}{\376\377\000i\000n\000s\000e\000r\000t\000V\000e\000r\000t\000e\000x}{subsection.3.3.2}% 35
\BOOKMARK [3][-]{subsubsection.3.3.2.12}{\376\377\000i\000n\000s\000e\000r\000t\000V\000e\000r\000t\000e\000x}{subsection.3.3.2}% 36
\BOOKMARK [3][-]{subsubsection.3.3.2.13}{\376\377\000i\000s\000E\000m\000p\000t\000y}{subsection.3.3.2}% 37
\BOOKMARK [3][-]{subsubsection.3.3.2.14}{\376\377\000i\000s\000E\000m\000p\000t\000y}{subsection.3.3.2}% 38
\BOOKMARK [3][-]{subsubsection.3.3.2.15}{\376\377\000i\000s\000F\000u\000l\000l}{subsection.3.3.2}% 39
\BOOKMARK [3][-]{subsubsection.3.3.2.16}{\376\377\000i\000s\000F\000u\000l\000l}{subsection.3.3.2}% 40
\BOOKMARK [3][-]{subsubsection.3.3.2.17}{\376\377\000o\000p\000e\000r\000a\000t\000o\000r\000=}{subsection.3.3.2}% 41
\BOOKMARK [3][-]{subsubsection.3.3.2.18}{\376\377\000o\000p\000e\000r\000a\000t\000o\000r\000=}{subsection.3.3.2}% 42
\BOOKMARK [3][-]{subsubsection.3.3.2.19}{\376\377\000r\000e\000m\000o\000v\000e\000E\000d\000g\000e}{subsection.3.3.2}% 43
\BOOKMARK [3][-]{subsubsection.3.3.2.20}{\376\377\000r\000e\000m\000o\000v\000e\000E\000d\000g\000e}{subsection.3.3.2}% 44
\BOOKMARK [3][-]{subsubsection.3.3.2.21}{\376\377\000r\000e\000m\000o\000v\000e\000V\000e\000r\000t\000e\000x}{subsection.3.3.2}% 45
\BOOKMARK [3][-]{subsubsection.3.3.2.22}{\376\377\000r\000e\000m\000o\000v\000e\000V\000e\000r\000t\000e\000x}{subsection.3.3.2}% 46
\BOOKMARK [3][-]{subsubsection.3.3.2.23}{\376\377\000r\000e\000t\000r\000i\000e\000v\000e\000V\000e\000r\000t\000e\000x}{subsection.3.3.2}% 47
\BOOKMARK [3][-]{subsubsection.3.3.2.24}{\376\377\000r\000e\000t\000r\000i\000e\000v\000e\000V\000e\000r\000t\000e\000x}{subsection.3.3.2}% 48
\BOOKMARK [3][-]{subsubsection.3.3.2.25}{\376\377\000s\000h\000o\000w\000S\000h\000o\000r\000t\000e\000s\000t\000P\000a\000t\000h\000s}{subsection.3.3.2}% 49
\BOOKMARK [3][-]{subsubsection.3.3.2.26}{\376\377\000s\000h\000o\000w\000S\000t\000r\000u\000c\000t\000u\000r\000e}{subsection.3.3.2}% 50
\BOOKMARK [3][-]{subsubsection.3.3.2.27}{\376\377\000s\000h\000o\000w\000S\000t\000r\000u\000c\000t\000u\000r\000e}{subsection.3.3.2}% 51
\BOOKMARK [2][-]{subsection.3.3.3}{\376\377\000M\000e\000m\000b\000e\000r\000\040\000D\000a\000t\000a\000\040\000D\000o\000c\000u\000m\000e\000n\000t\000a\000t\000i\000o\000n}{section.3.3}% 52
\BOOKMARK [3][-]{subsubsection.3.3.3.1}{\376\377\000D\000E\000F\000\137\000M\000A\000X\000\137\000G\000R\000A\000P\000H\000\137\000S\000I\000Z\000E}{subsection.3.3.3}% 53
\BOOKMARK [3][-]{subsubsection.3.3.3.2}{\376\377\000I\000N\000F\000I\000N\000I\000T\000E\000\137\000E\000D\000G\000E\000\137\000W\000T}{subsection.3.3.3}% 54
\BOOKMARK [3][-]{subsubsection.3.3.3.3}{\376\377\000M\000A\000X\000\137\000G\000R\000A\000P\000H\000\137\000S\000I\000Z\000E}{subsection.3.3.3}% 55
\BOOKMARK [3][-]{subsubsection.3.3.3.4}{\376\377\000V\000E\000R\000T\000E\000X\000\137\000L\000A\000B\000E\000L\000\137\000L\000E\000N\000G\000T\000H}{subsection.3.3.3}% 56
\BOOKMARK [1][-]{section.3.4}{\376\377\000W\000t\000G\000r\000a\000p\000h\000\040\000C\000l\000a\000s\000s\000\040\000R\000e\000f\000e\000r\000e\000n\000c\000e}{chapter.3}% 57
\BOOKMARK [2][-]{subsection.3.4.1}{\376\377\000C\000o\000n\000s\000t\000r\000u\000c\000t\000o\000r\000\040\000\046\000\040\000D\000e\000s\000t\000r\000u\000c\000t\000o\000r\000\040\000D\000o\000c\000u\000m\000e\000n\000t\000a\000t\000i\000o\000n}{section.3.4}% 58
\BOOKMARK [3][-]{subsubsection.3.4.1.1}{\376\377\000W\000t\000G\000r\000a\000p\000h}{subsection.3.4.1}% 59
\BOOKMARK [2][-]{subsection.3.4.2}{\376\377\000M\000e\000m\000b\000e\000r\000\040\000F\000u\000n\000c\000t\000i\000o\000n\000\040\000D\000o\000c\000u\000m\000e\000n\000t\000a\000t\000i\000o\000n}{section.3.4}% 60
\BOOKMARK [3][-]{subsubsection.3.4.2.1}{\376\377\000c\000l\000e\000a\000r}{subsection.3.4.2}% 61
\BOOKMARK [3][-]{subsubsection.3.4.2.2}{\376\377\000e\000d\000g\000e\000W\000e\000i\000g\000h\000t}{subsection.3.4.2}% 62
\BOOKMARK [3][-]{subsubsection.3.4.2.3}{\376\377\000g\000e\000t\000E\000d\000g\000e\000W\000e\000i\000g\000h\000t}{subsection.3.4.2}% 63
\BOOKMARK [3][-]{subsubsection.3.4.2.4}{\376\377\000h\000a\000s\000P\000r\000o\000p\000e\000r\000C\000o\000l\000o\000r\000i\000n\000g}{subsection.3.4.2}% 64
\BOOKMARK [3][-]{subsubsection.3.4.2.5}{\376\377\000i\000n\000s\000e\000r\000t\000E\000d\000g\000e}{subsection.3.4.2}% 65
\BOOKMARK [3][-]{subsubsection.3.4.2.6}{\376\377\000i\000n\000s\000e\000r\000t\000V\000e\000r\000t\000e\000x}{subsection.3.4.2}% 66
\BOOKMARK [3][-]{subsubsection.3.4.2.7}{\376\377\000i\000s\000E\000m\000p\000t\000y}{subsection.3.4.2}% 67
\BOOKMARK [3][-]{subsubsection.3.4.2.8}{\376\377\000i\000s\000F\000u\000l\000l}{subsection.3.4.2}% 68
\BOOKMARK [3][-]{subsubsection.3.4.2.9}{\376\377\000r\000e\000m\000o\000v\000e\000E\000d\000g\000e}{subsection.3.4.2}% 69
\BOOKMARK [3][-]{subsubsection.3.4.2.10}{\376\377\000r\000e\000m\000o\000v\000e\000V\000e\000r\000t\000e\000x}{subsection.3.4.2}% 70
\BOOKMARK [3][-]{subsubsection.3.4.2.11}{\376\377\000r\000e\000t\000r\000i\000e\000v\000e\000V\000e\000r\000t\000e\000x}{subsection.3.4.2}% 71
\BOOKMARK [3][-]{subsubsection.3.4.2.12}{\376\377\000s\000h\000o\000w\000S\000t\000r\000u\000c\000t\000u\000r\000e}{subsection.3.4.2}% 72
\BOOKMARK [3][-]{subsubsection.3.4.2.13}{\376\377\000t\000h\000r\000o\000w}{subsection.3.4.2}% 73
\BOOKMARK [0][-]{chapter.4}{\376\377\000F\000i\000l\000e\000\040\000D\000o\000c\000u\000m\000e\000n\000t\000a\000t\000i\000o\000n}{}% 74
\BOOKMARK [1][-]{section.4.1}{\376\377\000c\000o\000n\000f\000i\000g\000.\000h\000\040\000F\000i\000l\000e\000\040\000R\000e\000f\000e\000r\000e\000n\000c\000e}{chapter.4}% 75
\BOOKMARK [2][-]{subsection.4.1.1}{\376\377\000M\000a\000c\000r\000o\000\040\000D\000e\000f\000i\000n\000i\000t\000i\000o\000n\000\040\000D\000o\000c\000u\000m\000e\000n\000t\000a\000t\000i\000o\000n}{section.4.1}% 76
\BOOKMARK [3][-]{subsubsection.4.1.1.1}{\376\377\000L\000A\000B\0001\0002\000\137\000T\000E\000S\000T\0001}{subsection.4.1.1}% 77
\BOOKMARK [3][-]{subsubsection.4.1.1.2}{\376\377\000L\000A\000B\0001\0002\000\137\000T\000E\000S\000T\0002}{subsection.4.1.1}% 78
\BOOKMARK [3][-]{subsubsection.4.1.1.3}{\376\377\000L\000A\000B\0001\0002\000\137\000T\000E\000S\000T\0003}{subsection.4.1.1}% 79
\BOOKMARK [1][-]{section.4.2}{\376\377\000s\000h\000o\000w\0001\0002\000.\000c\000p\000p\000\040\000F\000i\000l\000e\000\040\000R\000e\000f\000e\000r\000e\000n\000c\000e}{chapter.4}% 80
\BOOKMARK [1][-]{section.4.3}{\376\377\000t\000e\000s\000t\0001\0002\000.\000c\000p\000p\000\040\000F\000i\000l\000e\000\040\000R\000e\000f\000e\000r\000e\000n\000c\000e}{chapter.4}% 81
\BOOKMARK [2][-]{subsection.4.3.1}{\376\377\000F\000u\000n\000c\000t\000i\000o\000n\000\040\000D\000o\000c\000u\000m\000e\000n\000t\000a\000t\000i\000o\000n}{section.4.3}% 82
\BOOKMARK [3][-]{subsubsection.4.3.1.1}{\376\377\000m\000a\000i\000n}{subsection.4.3.1}% 83
\BOOKMARK [3][-]{subsubsection.4.3.1.2}{\376\377\000p\000r\000i\000n\000t\000\137\000h\000e\000l\000p}{subsection.4.3.1}% 84
\BOOKMARK [1][-]{section.4.4}{\376\377\000W\000e\000i\000g\000h\000t\000e\000d\000G\000r\000a\000p\000h\000.\000c\000p\000p\000\040\000F\000i\000l\000e\000\040\000R\000e\000f\000e\000r\000e\000n\000c\000e}{chapter.4}% 85
\BOOKMARK [1][-]{section.4.5}{\376\377\000W\000e\000i\000g\000h\000t\000e\000d\000G\000r\000a\000p\000h\000.\000c\000s\000\040\000F\000i\000l\000e\000\040\000R\000e\000f\000e\000r\000e\000n\000c\000e}{chapter.4}% 86
\BOOKMARK [1][-]{section.4.6}{\376\377\000W\000e\000i\000g\000h\000t\000e\000d\000G\000r\000a\000p\000h\000.\000h\000\040\000F\000i\000l\000e\000\040\000R\000e\000f\000e\000r\000e\000n\000c\000e}{chapter.4}% 87
\BOOKMARK [1][-]{section.4.7}{\376\377\000W\000e\000i\000g\000h\000t\000e\000d\000G\000r\000a\000p\000h\0002\000.\000h\000\040\000F\000i\000l\000e\000\040\000R\000e\000f\000e\000r\000e\000n\000c\000e}{chapter.4}% 88
\BOOKMARK [1][-]{section.4.8}{\376\377\000W\000e\000i\000g\000h\000t\000e\000d\000G\000r\000a\000p\000h\0003\000.\000h\000\040\000F\000i\000l\000e\000\040\000R\000e\000f\000e\000r\000e\000n\000c\000e}{chapter.4}% 89
\BOOKMARK [2][-]{subsection.4.8.1}{\376\377\000V\000a\000r\000i\000a\000b\000l\000e\000\040\000D\000o\000c\000u\000m\000e\000n\000t\000a\000t\000i\000o\000n}{section.4.8}% 90
\BOOKMARK [3][-]{subsubsection.4.8.1.1}{\376\377\000d\000e\000f\000M\000a\000x\000G\000r\000a\000p\000h\000S\000i\000z\000e}{subsection.4.8.1}% 91
\BOOKMARK [3][-]{subsubsection.4.8.1.2}{\376\377\000i\000n\000f\000i\000n\000i\000t\000e\000E\000d\000g\000e\000W\000t}{subsection.4.8.1}% 92
\BOOKMARK [3][-]{subsubsection.4.8.1.3}{\376\377\000v\000e\000r\000t\000e\000x\000L\000a\000b\000e\000l\000L\000e\000n\000g\000t\000h}{subsection.4.8.1}% 93
\BOOKMARK [-1][-]{section*.14}{\376\377\000I\000n\000d\000e\000x}{}% 94
