\BOOKMARK [0][-]{chapter.1}{\376\377\000H\000i\000e\000r\000a\000r\000c\000h\000i\000c\000a\000l\000\040\000I\000n\000d\000e\000x}{}% 1
\BOOKMARK [1][-]{section.1.1}{\376\377\000C\000l\000a\000s\000s\000\040\000H\000i\000e\000r\000a\000r\000c\000h\000y}{chapter.1}% 2
\BOOKMARK [0][-]{chapter.2}{\376\377\000C\000l\000a\000s\000s\000\040\000I\000n\000d\000e\000x}{}% 3
\BOOKMARK [1][-]{section.2.1}{\376\377\000C\000l\000a\000s\000s\000\040\000L\000i\000s\000t}{chapter.2}% 4
\BOOKMARK [0][-]{chapter.3}{\376\377\000F\000i\000l\000e\000\040\000I\000n\000d\000e\000x}{}% 5
\BOOKMARK [1][-]{section.3.1}{\376\377\000F\000i\000l\000e\000\040\000L\000i\000s\000t}{chapter.3}% 6
\BOOKMARK [0][-]{chapter.4}{\376\377\000C\000l\000a\000s\000s\000\040\000D\000o\000c\000u\000m\000e\000n\000t\000a\000t\000i\000o\000n}{}% 7
\BOOKMARK [1][-]{section.4.1}{\376\377\000b\000i\000n\000a\000r\000y\000S\000e\000a\000r\000c\000h\000\040\000C\000l\000a\000s\000s\000\040\000R\000e\000f\000e\000r\000e\000n\000c\000e}{chapter.4}% 8
\BOOKMARK [2][-]{subsection.4.1.1}{\376\377\000M\000e\000m\000b\000e\000r\000\040\000F\000u\000n\000c\000t\000i\000o\000n\000\040\000D\000o\000c\000u\000m\000e\000n\000t\000a\000t\000i\000o\000n}{section.4.1}% 9
\BOOKMARK [3][-]{subsubsection.4.1.1.1}{\376\377\000o\000p\000e\000r\000a\000t\000o\000r\000\050\000\051}{subsection.4.1.1}% 10
\BOOKMARK [1][-]{section.4.2}{\376\377\000l\000i\000n\000e\000a\000r\000S\000e\000a\000r\000c\000h\000\040\000C\000l\000a\000s\000s\000\040\000R\000e\000f\000e\000r\000e\000n\000c\000e}{chapter.4}% 11
\BOOKMARK [2][-]{subsection.4.2.1}{\376\377\000M\000e\000m\000b\000e\000r\000\040\000F\000u\000n\000c\000t\000i\000o\000n\000\040\000D\000o\000c\000u\000m\000e\000n\000t\000a\000t\000i\000o\000n}{section.4.2}% 12
\BOOKMARK [3][-]{subsubsection.4.2.1.1}{\376\377\000o\000p\000e\000r\000a\000t\000o\000r\000\050\000\051}{subsection.4.2.1}% 13
\BOOKMARK [1][-]{section.4.3}{\376\377\000S\000e\000a\000r\000c\000h\000\040\000C\000l\000a\000s\000s\000\040\000R\000e\000f\000e\000r\000e\000n\000c\000e}{chapter.4}% 14
\BOOKMARK [1][-]{section.4.4}{\376\377\000S\000T\000L\000S\000e\000a\000r\000c\000h\000\040\000C\000l\000a\000s\000s\000\040\000R\000e\000f\000e\000r\000e\000n\000c\000e}{chapter.4}% 15
\BOOKMARK [2][-]{subsection.4.4.1}{\376\377\000M\000e\000m\000b\000e\000r\000\040\000F\000u\000n\000c\000t\000i\000o\000n\000\040\000D\000o\000c\000u\000m\000e\000n\000t\000a\000t\000i\000o\000n}{section.4.4}% 16
\BOOKMARK [3][-]{subsubsection.4.4.1.1}{\376\377\000o\000p\000e\000r\000a\000t\000o\000r\000\050\000\051}{subsection.4.4.1}% 17
\BOOKMARK [1][-]{section.4.5}{\376\377\000T\000e\000s\000t\000V\000e\000c\000t\000o\000r\000\040\000C\000l\000a\000s\000s\000\040\000R\000e\000f\000e\000r\000e\000n\000c\000e}{chapter.4}% 18
\BOOKMARK [2][-]{subsection.4.5.1}{\376\377\000C\000o\000n\000s\000t\000r\000u\000c\000t\000o\000r\000\040\000\046\000\040\000D\000e\000s\000t\000r\000u\000c\000t\000o\000r\000\040\000D\000o\000c\000u\000m\000e\000n\000t\000a\000t\000i\000o\000n}{section.4.5}% 19
\BOOKMARK [3][-]{subsubsection.4.5.1.1}{\376\377\000T\000e\000s\000t\000V\000e\000c\000t\000o\000r}{subsection.4.5.1}% 20
\BOOKMARK [3][-]{subsubsection.4.5.1.2}{\376\377\000T\000e\000s\000t\000V\000e\000c\000t\000o\000r}{subsection.4.5.1}% 21
\BOOKMARK [2][-]{subsection.4.5.2}{\376\377\000M\000e\000m\000b\000e\000r\000\040\000F\000u\000n\000c\000t\000i\000o\000n\000\040\000D\000o\000c\000u\000m\000e\000n\000t\000a\000t\000i\000o\000n}{section.4.5}% 22
\BOOKMARK [3][-]{subsubsection.4.5.2.1}{\376\377\000o\000p\000e\000r\000a\000t\000o\000r\000+\000+}{subsection.4.5.2}% 23
\BOOKMARK [3][-]{subsubsection.4.5.2.2}{\376\377\000o\000p\000e\000r\000a\000t\000o\000r\000+\000+}{subsection.4.5.2}% 24
\BOOKMARK [3][-]{subsubsection.4.5.2.3}{\376\377\000o\000p\000e\000r\000a\000t\000o\000r\000[\000]}{subsection.4.5.2}% 25
\BOOKMARK [1][-]{section.4.6}{\376\377\000T\000i\000m\000e\000r\000\040\000C\000l\000a\000s\000s\000\040\000R\000e\000f\000e\000r\000e\000n\000c\000e}{chapter.4}% 26
\BOOKMARK [2][-]{subsection.4.6.1}{\376\377\000C\000o\000n\000s\000t\000r\000u\000c\000t\000o\000r\000\040\000\046\000\040\000D\000e\000s\000t\000r\000u\000c\000t\000o\000r\000\040\000D\000o\000c\000u\000m\000e\000n\000t\000a\000t\000i\000o\000n}{section.4.6}% 27
\BOOKMARK [3][-]{subsubsection.4.6.1.1}{\376\377\000T\000i\000m\000e\000r}{subsection.4.6.1}% 28
\BOOKMARK [2][-]{subsection.4.6.2}{\376\377\000M\000e\000m\000b\000e\000r\000\040\000F\000u\000n\000c\000t\000i\000o\000n\000\040\000D\000o\000c\000u\000m\000e\000n\000t\000a\000t\000i\000o\000n}{section.4.6}% 29
\BOOKMARK [3][-]{subsubsection.4.6.2.1}{\376\377\000g\000e\000t\000E\000l\000a\000p\000s\000e\000d\000T\000i\000m\000e}{subsection.4.6.2}% 30
\BOOKMARK [3][-]{subsubsection.4.6.2.2}{\376\377\000s\000t\000a\000r\000t}{subsection.4.6.2}% 31
\BOOKMARK [3][-]{subsubsection.4.6.2.3}{\376\377\000s\000t\000o\000p}{subsection.4.6.2}% 32
\BOOKMARK [0][-]{chapter.5}{\376\377\000F\000i\000l\000e\000\040\000D\000o\000c\000u\000m\000e\000n\000t\000a\000t\000i\000o\000n}{}% 33
\BOOKMARK [1][-]{section.5.1}{\376\377\000c\000o\000n\000f\000i\000g\000.\000h\000\040\000F\000i\000l\000e\000\040\000R\000e\000f\000e\000r\000e\000n\000c\000e}{chapter.5}% 34
\BOOKMARK [2][-]{subsection.5.1.1}{\376\377\000M\000a\000c\000r\000o\000\040\000D\000e\000f\000i\000n\000i\000t\000i\000o\000n\000\040\000D\000o\000c\000u\000m\000e\000n\000t\000a\000t\000i\000o\000n}{section.5.1}% 35
\BOOKMARK [3][-]{subsubsection.5.1.1.1}{\376\377\000L\000A\000B\0001\0003\000\137\000T\000E\000S\000T\0001}{subsection.5.1.1}% 36
\BOOKMARK [3][-]{subsubsection.5.1.1.2}{\376\377\000L\000A\000B\0001\0003\000\137\000T\000E\000S\000T\0002}{subsection.5.1.1}% 37
\BOOKMARK [1][-]{section.5.2}{\376\377\000c\000o\000n\000s\000t\000r\000u\000c\000t\000o\000r\000.\000c\000p\000p\000\040\000F\000i\000l\000e\000\040\000R\000e\000f\000e\000r\000e\000n\000c\000e}{chapter.5}% 38
\BOOKMARK [2][-]{subsection.5.2.1}{\376\377\000M\000a\000c\000r\000o\000\040\000D\000e\000f\000i\000n\000i\000t\000i\000o\000n\000\040\000D\000o\000c\000u\000m\000e\000n\000t\000a\000t\000i\000o\000n}{section.5.2}% 39
\BOOKMARK [3][-]{subsubsection.5.2.1.1}{\376\377\000r\000u\000n\000T\000e\000s\000t}{subsection.5.2.1}% 40
\BOOKMARK [2][-]{subsection.5.2.2}{\376\377\000F\000u\000n\000c\000t\000i\000o\000n\000\040\000D\000o\000c\000u\000m\000e\000n\000t\000a\000t\000i\000o\000n}{section.5.2}% 41
\BOOKMARK [3][-]{subsubsection.5.2.2.1}{\376\377\000m\000a\000i\000n}{subsection.5.2.2}% 42
\BOOKMARK [3][-]{subsubsection.5.2.2.2}{\376\377\000t\000e\000s\000t\000C\000o\000m\000p\000u\000t\000e}{subsection.5.2.2}% 43
\BOOKMARK [3][-]{subsubsection.5.2.2.3}{\376\377\000t\000e\000s\000t\000C\000o\000m\000p\000u\000t\000e\000<\000\040\000d\000o\000u\000b\000l\000e\000\040\000>}{subsection.5.2.2}% 44
\BOOKMARK [3][-]{subsubsection.5.2.2.4}{\376\377\000t\000e\000s\000t\000C\000o\000m\000p\000u\000t\000e\000<\000\040\000i\000n\000t\000\040\000>}{subsection.5.2.2}% 45
\BOOKMARK [3][-]{subsubsection.5.2.2.5}{\376\377\000t\000e\000s\000t\000C\000o\000n\000s\000t\000r\000u\000c\000t\000o\000r}{subsection.5.2.2}% 46
\BOOKMARK [2][-]{subsection.5.2.3}{\376\377\000V\000a\000r\000i\000a\000b\000l\000e\000\040\000D\000o\000c\000u\000m\000e\000n\000t\000a\000t\000i\000o\000n}{section.5.2}% 47
\BOOKMARK [3][-]{subsubsection.5.2.3.1}{\376\377\000n\000u\000m\000R\000e\000p\000e\000t\000i\000t\000i\000o\000n\000s}{subsection.5.2.3}% 48
\BOOKMARK [1][-]{section.5.3}{\376\377\000i\000n\000c\000.\000c\000p\000p\000\040\000F\000i\000l\000e\000\040\000R\000e\000f\000e\000r\000e\000n\000c\000e}{chapter.5}% 49
\BOOKMARK [2][-]{subsection.5.3.1}{\376\377\000F\000u\000n\000c\000t\000i\000o\000n\000\040\000D\000o\000c\000u\000m\000e\000n\000t\000a\000t\000i\000o\000n}{section.5.3}% 50
\BOOKMARK [3][-]{subsubsection.5.3.1.1}{\376\377\000m\000a\000i\000n}{subsection.5.3.1}% 51
\BOOKMARK [2][-]{subsection.5.3.2}{\376\377\000V\000a\000r\000i\000a\000b\000l\000e\000\040\000D\000o\000c\000u\000m\000e\000n\000t\000a\000t\000i\000o\000n}{section.5.3}% 52
\BOOKMARK [3][-]{subsubsection.5.3.2.1}{\376\377\000n\000u\000m\000R\000e\000p\000e\000t\000i\000t\000i\000o\000n\000s}{subsection.5.3.2}% 53
\BOOKMARK [1][-]{section.5.4}{\376\377\000s\000e\000a\000r\000c\000h\000.\000c\000p\000p\000\040\000F\000i\000l\000e\000\040\000R\000e\000f\000e\000r\000e\000n\000c\000e}{chapter.5}% 54
\BOOKMARK [2][-]{subsection.5.4.1}{\376\377\000F\000u\000n\000c\000t\000i\000o\000n\000\040\000D\000o\000c\000u\000m\000e\000n\000t\000a\000t\000i\000o\000n}{section.5.4}% 55
\BOOKMARK [3][-]{subsubsection.5.4.1.1}{\376\377\000m\000a\000i\000n}{subsection.5.4.1}% 56
\BOOKMARK [2][-]{subsection.5.4.2}{\376\377\000V\000a\000r\000i\000a\000b\000l\000e\000\040\000D\000o\000c\000u\000m\000e\000n\000t\000a\000t\000i\000o\000n}{section.5.4}% 57
\BOOKMARK [3][-]{subsubsection.5.4.2.1}{\376\377\000n\000u\000m\000S\000e\000a\000r\000c\000h\000e\000s}{subsection.5.4.2}% 58
\BOOKMARK [1][-]{section.5.5}{\376\377\000s\000o\000r\000t\000.\000c\000p\000p\000\040\000F\000i\000l\000e\000\040\000R\000e\000f\000e\000r\000e\000n\000c\000e}{chapter.5}% 59
\BOOKMARK [2][-]{subsection.5.5.1}{\376\377\000F\000u\000n\000c\000t\000i\000o\000n\000\040\000D\000o\000c\000u\000m\000e\000n\000t\000a\000t\000i\000o\000n}{section.5.5}% 60
\BOOKMARK [3][-]{subsubsection.5.5.1.1}{\376\377\000m\000a\000i\000n}{subsection.5.5.1}% 61
\BOOKMARK [3][-]{subsubsection.5.5.1.2}{\376\377\000q\000u\000i\000c\000k\000S\000o\000r\000t}{subsection.5.5.1}% 62
\BOOKMARK [3][-]{subsubsection.5.5.1.3}{\376\377\000s\000e\000l\000e\000c\000t\000i\000o\000n\000S\000o\000r\000t}{subsection.5.5.1}% 63
\BOOKMARK [3][-]{subsubsection.5.5.1.4}{\376\377\000t\000i\000m\000e\000S\000o\000r\000t}{subsection.5.5.1}% 64
\BOOKMARK [2][-]{subsection.5.5.2}{\376\377\000V\000a\000r\000i\000a\000b\000l\000e\000\040\000D\000o\000c\000u\000m\000e\000n\000t\000a\000t\000i\000o\000n}{section.5.5}% 65
\BOOKMARK [3][-]{subsubsection.5.5.2.1}{\376\377\000n\000u\000m\000S\000o\000r\000t\000s}{subsection.5.5.2}% 66
\BOOKMARK [1][-]{section.5.6}{\376\377\000t\000e\000s\000t\000.\000c\000p\000p\000\040\000F\000i\000l\000e\000\040\000R\000e\000f\000e\000r\000e\000n\000c\000e}{chapter.5}% 67
\BOOKMARK [2][-]{subsection.5.6.1}{\376\377\000F\000u\000n\000c\000t\000i\000o\000n\000\040\000D\000o\000c\000u\000m\000e\000n\000t\000a\000t\000i\000o\000n}{section.5.6}% 68
\BOOKMARK [3][-]{subsubsection.5.6.1.1}{\376\377\000m\000a\000i\000n}{subsection.5.6.1}% 69
\BOOKMARK [1][-]{section.5.7}{\376\377\000t\000e\000s\000t\0001\0003\000.\000c\000p\000p\000\040\000F\000i\000l\000e\000\040\000R\000e\000f\000e\000r\000e\000n\000c\000e}{chapter.5}% 70
\BOOKMARK [2][-]{subsection.5.7.1}{\376\377\000F\000u\000n\000c\000t\000i\000o\000n\000\040\000D\000o\000c\000u\000m\000e\000n\000t\000a\000t\000i\000o\000n}{section.5.7}% 71
\BOOKMARK [3][-]{subsubsection.5.7.1.1}{\376\377\000m\000a\000i\000n}{subsection.5.7.1}% 72
\BOOKMARK [3][-]{subsubsection.5.7.1.2}{\376\377\000p\000r\000i\000n\000t\000\137\000h\000e\000l\000p}{subsection.5.7.1}% 73
\BOOKMARK [3][-]{subsubsection.5.7.1.3}{\376\377\000w\000a\000i\000t}{subsection.5.7.1}% 74
\BOOKMARK [1][-]{section.5.8}{\376\377\000t\000e\000s\000t\000t\000i\000m\000e\000r\000.\000c\000+\000+\000\040\000F\000i\000l\000e\000\040\000R\000e\000f\000e\000r\000e\000n\000c\000e}{chapter.5}% 75
\BOOKMARK [2][-]{subsection.5.8.1}{\376\377\000F\000u\000n\000c\000t\000i\000o\000n\000\040\000D\000o\000c\000u\000m\000e\000n\000t\000a\000t\000i\000o\000n}{section.5.8}% 76
\BOOKMARK [3][-]{subsubsection.5.8.1.1}{\376\377\000m\000a\000i\000n}{subsection.5.8.1}% 77
\BOOKMARK [1][-]{section.5.9}{\376\377\000t\000e\000s\000t\000t\000i\000m\000e\000r\000.\000c\000c\000\040\000F\000i\000l\000e\000\040\000R\000e\000f\000e\000r\000e\000n\000c\000e}{chapter.5}% 78
\BOOKMARK [2][-]{subsection.5.9.1}{\376\377\000F\000u\000n\000c\000t\000i\000o\000n\000\040\000D\000o\000c\000u\000m\000e\000n\000t\000a\000t\000i\000o\000n}{section.5.9}% 79
\BOOKMARK [3][-]{subsubsection.5.9.1.1}{\376\377\000m\000a\000i\000n}{subsection.5.9.1}% 80
\BOOKMARK [1][-]{section.5.10}{\376\377\000t\000e\000s\000t\000t\000i\000m\000e\000r\000.\000c\000p\000p\000\040\000F\000i\000l\000e\000\040\000R\000e\000f\000e\000r\000e\000n\000c\000e}{chapter.5}% 81
\BOOKMARK [2][-]{subsection.5.10.1}{\376\377\000F\000u\000n\000c\000t\000i\000o\000n\000\040\000D\000o\000c\000u\000m\000e\000n\000t\000a\000t\000i\000o\000n}{section.5.10}% 82
\BOOKMARK [3][-]{subsubsection.5.10.1.1}{\376\377\000m\000a\000i\000n}{subsection.5.10.1}% 83
\BOOKMARK [1][-]{section.5.11}{\376\377\000t\000e\000s\000t\000v\000e\000c\000t\000o\000r\000.\000c\000p\000p\000\040\000F\000i\000l\000e\000\040\000R\000e\000f\000e\000r\000e\000n\000c\000e}{chapter.5}% 84
\BOOKMARK [1][-]{section.5.12}{\376\377\000t\000e\000s\000t\000v\000e\000c\000t\000o\000r\000.\000h\000\040\000F\000i\000l\000e\000\040\000R\000e\000f\000e\000r\000e\000n\000c\000e}{chapter.5}% 85
\BOOKMARK [1][-]{section.5.13}{\376\377\000t\000e\000x\000t\000.\000c\000c\000\040\000F\000i\000l\000e\000\040\000R\000e\000f\000e\000r\000e\000n\000c\000e}{chapter.5}% 86
\BOOKMARK [2][-]{subsection.5.13.1}{\376\377\000F\000u\000n\000c\000t\000i\000o\000n\000\040\000D\000o\000c\000u\000m\000e\000n\000t\000a\000t\000i\000o\000n}{section.5.13}% 87
\BOOKMARK [3][-]{subsubsection.5.13.1.1}{\376\377\000m\000a\000i\000n}{subsection.5.13.1}% 88
\BOOKMARK [1][-]{section.5.14}{\376\377\000T\000i\000m\000e\000r\000.\000c\000p\000p\000\040\000F\000i\000l\000e\000\040\000R\000e\000f\000e\000r\000e\000n\000c\000e}{chapter.5}% 89
\BOOKMARK [2][-]{subsection.5.14.1}{\376\377\000M\000a\000c\000r\000o\000\040\000D\000e\000f\000i\000n\000i\000t\000i\000o\000n\000\040\000D\000o\000c\000u\000m\000e\000n\000t\000a\000t\000i\000o\000n}{section.5.14}% 90
\BOOKMARK [3][-]{subsubsection.5.14.1.1}{\376\377\000T\000I\000M\000E\000R\000\137\000C\000P\000P}{subsection.5.14.1}% 91
\BOOKMARK [2][-]{subsection.5.14.2}{\376\377\000F\000u\000n\000c\000t\000i\000o\000n\000\040\000D\000o\000c\000u\000m\000e\000n\000t\000a\000t\000i\000o\000n}{section.5.14}% 92
\BOOKMARK [3][-]{subsubsection.5.14.2.1}{\376\377\000t\000o\000d\000d\000i\000f\000f}{subsection.5.14.2}% 93
\BOOKMARK [1][-]{section.5.15}{\376\377\000T\000i\000m\000e\000r\000.\000c\000s\000\040\000F\000i\000l\000e\000\040\000R\000e\000f\000e\000r\000e\000n\000c\000e}{chapter.5}% 94
\BOOKMARK [2][-]{subsection.5.15.1}{\376\377\000M\000a\000c\000r\000o\000\040\000D\000e\000f\000i\000n\000i\000t\000i\000o\000n\000\040\000D\000o\000c\000u\000m\000e\000n\000t\000a\000t\000i\000o\000n}{section.5.15}% 95
\BOOKMARK [3][-]{subsubsection.5.15.1.1}{\376\377\000T\000I\000M\000E\000R\000\137\000C\000P\000P}{subsection.5.15.1}% 96
\BOOKMARK [1][-]{section.5.16}{\376\377\000T\000i\000m\000e\000r\000.\000h\000\040\000F\000i\000l\000e\000\040\000R\000e\000f\000e\000r\000e\000n\000c\000e}{chapter.5}% 97
\BOOKMARK [-1][-]{section*.29}{\376\377\000I\000n\000d\000e\000x}{}% 98
