\BOOKMARK [0][-]{chapter.1}{\376\377\000C\000l\000a\000s\000s\000\040\000I\000n\000d\000e\000x}{}% 1
\BOOKMARK [1][-]{section.1.1}{\376\377\000C\000l\000a\000s\000s\000\040\000L\000i\000s\000t}{chapter.1}% 2
\BOOKMARK [0][-]{chapter.2}{\376\377\000C\000l\000a\000s\000s\000\040\000D\000o\000c\000u\000m\000e\000n\000t\000a\000t\000i\000o\000n}{}% 3
\BOOKMARK [1][-]{section.2.1}{\376\377\000b\000o\000a\000r\000d\000\040\000C\000l\000a\000s\000s\000\040\000R\000e\000f\000e\000r\000e\000n\000c\000e}{chapter.2}% 4
\BOOKMARK [2][-]{subsection.2.1.1}{\376\377\000C\000o\000n\000s\000t\000r\000u\000c\000t\000o\000r\000\040\000\046\000\040\000D\000e\000s\000t\000r\000u\000c\000t\000o\000r\000\040\000D\000o\000c\000u\000m\000e\000n\000t\000a\000t\000i\000o\000n}{section.2.1}% 5
\BOOKMARK [3][-]{subsubsection.2.1.1.1}{\376\377\000b\000o\000a\000r\000d}{subsection.2.1.1}% 6
\BOOKMARK [3][-]{subsubsection.2.1.1.2}{\376\377\000b\000o\000a\000r\000d}{subsection.2.1.1}% 7
\BOOKMARK [2][-]{subsection.2.1.2}{\376\377\000M\000e\000m\000b\000e\000r\000\040\000F\000u\000n\000c\000t\000i\000o\000n\000\040\000D\000o\000c\000u\000m\000e\000n\000t\000a\000t\000i\000o\000n}{section.2.1}% 8
\BOOKMARK [3][-]{subsubsection.2.1.2.1}{\376\377\000c\000a\000n\000M\000o\000v\000e\000H\000e\000r\000e}{subsection.2.1.2}% 9
\BOOKMARK [3][-]{subsubsection.2.1.2.2}{\376\377\000g\000e\000t\000D\000a\000t\000a}{subsection.2.1.2}% 10
\BOOKMARK [3][-]{subsubsection.2.1.2.3}{\376\377\000g\000e\000t\000N\000u\000m\000C\000a\000r\000s}{subsection.2.1.2}% 11
\BOOKMARK [3][-]{subsubsection.2.1.2.4}{\376\377\000i\000s\000S\000o\000l\000v\000e\000d}{subsection.2.1.2}% 12
\BOOKMARK [3][-]{subsubsection.2.1.2.5}{\376\377\000m\000o\000v\000e\000B\000a\000c\000k\000w\000a\000r\000d}{subsection.2.1.2}% 13
\BOOKMARK [3][-]{subsubsection.2.1.2.6}{\376\377\000m\000o\000v\000e\000F\000o\000r\000w\000a\000r\000d}{subsection.2.1.2}% 14
\BOOKMARK [3][-]{subsubsection.2.1.2.7}{\376\377\000o\000p\000e\000r\000a\000t\000o\000r\000!\000=}{subsection.2.1.2}% 15
\BOOKMARK [3][-]{subsubsection.2.1.2.8}{\376\377\000o\000p\000e\000r\000a\000t\000o\000r\000<}{subsection.2.1.2}% 16
\BOOKMARK [3][-]{subsubsection.2.1.2.9}{\376\377\000o\000p\000e\000r\000a\000t\000o\000r\000=}{subsection.2.1.2}% 17
\BOOKMARK [3][-]{subsubsection.2.1.2.10}{\376\377\000o\000p\000e\000r\000a\000t\000o\000r\000=\000=}{subsection.2.1.2}% 18
\BOOKMARK [1][-]{section.2.2}{\376\377\000c\000a\000r\000\040\000C\000l\000a\000s\000s\000\040\000R\000e\000f\000e\000r\000e\000n\000c\000e}{chapter.2}% 19
\BOOKMARK [2][-]{subsection.2.2.1}{\376\377\000M\000e\000m\000b\000e\000r\000\040\000F\000u\000n\000c\000t\000i\000o\000n\000\040\000D\000o\000c\000u\000m\000e\000n\000t\000a\000t\000i\000o\000n}{section.2.2}% 20
\BOOKMARK [3][-]{subsubsection.2.2.1.1}{\376\377\000o\000p\000e\000r\000a\000t\000o\000r\000!\000=}{subsection.2.2.1}% 21
\BOOKMARK [3][-]{subsubsection.2.2.1.2}{\376\377\000o\000p\000e\000r\000a\000t\000o\000r\000<}{subsection.2.2.1}% 22
\BOOKMARK [3][-]{subsubsection.2.2.1.3}{\376\377\000o\000p\000e\000r\000a\000t\000o\000r\000=\000=}{subsection.2.2.1}% 23
\BOOKMARK [-1][-]{section*.5}{\376\377\000I\000n\000d\000e\000x}{}% 24
