\BOOKMARK [0][-]{chapter.1}{\376\377\000C\000l\000a\000s\000s\000\040\000I\000n\000d\000e\000x}{}% 1
\BOOKMARK [1][-]{section.1.1}{\376\377\000C\000l\000a\000s\000s\000\040\000L\000i\000s\000t}{chapter.1}% 2
\BOOKMARK [0][-]{chapter.2}{\376\377\000F\000i\000l\000e\000\040\000I\000n\000d\000e\000x}{}% 3
\BOOKMARK [1][-]{section.2.1}{\376\377\000F\000i\000l\000e\000\040\000L\000i\000s\000t}{chapter.2}% 4
\BOOKMARK [0][-]{chapter.3}{\376\377\000C\000l\000a\000s\000s\000\040\000D\000o\000c\000u\000m\000e\000n\000t\000a\000t\000i\000o\000n}{}% 5
\BOOKMARK [1][-]{section.3.1}{\376\377\000t\000r\000a\000f\000f\000i\000c\000\040\000C\000l\000a\000s\000s\000\040\000R\000e\000f\000e\000r\000e\000n\000c\000e}{chapter.3}% 6
\BOOKMARK [2][-]{subsection.3.1.1}{\376\377\000C\000o\000n\000s\000t\000r\000u\000c\000t\000o\000r\000\040\000\046\000\040\000D\000e\000s\000t\000r\000u\000c\000t\000o\000r\000\040\000D\000o\000c\000u\000m\000e\000n\000t\000a\000t\000i\000o\000n}{section.3.1}% 7
\BOOKMARK [3][-]{subsubsection.3.1.1.1}{\376\377\000t\000r\000a\000f\000f\000i\000c}{subsection.3.1.1}% 8
\BOOKMARK [2][-]{subsection.3.1.2}{\376\377\000M\000e\000m\000b\000e\000r\000\040\000F\000u\000n\000c\000t\000i\000o\000n\000\040\000D\000o\000c\000u\000m\000e\000n\000t\000a\000t\000i\000o\000n}{section.3.1}% 9
\BOOKMARK [3][-]{subsubsection.3.1.2.1}{\376\377\000c\000a\000n\000M\000o\000v\000e\000B\000a\000c\000k}{subsection.3.1.2}% 10
\BOOKMARK [3][-]{subsubsection.3.1.2.2}{\376\377\000c\000a\000n\000M\000o\000v\000e\000F\000o\000r\000w\000a\000r\000d}{subsection.3.1.2}% 11
\BOOKMARK [3][-]{subsubsection.3.1.2.3}{\376\377\000g\000e\000t\000D\000a\000t\000a}{subsection.3.1.2}% 12
\BOOKMARK [3][-]{subsubsection.3.1.2.4}{\376\377\000m\000o\000v\000e\000B\000a\000c\000k\000w\000a\000r\000d}{subsection.3.1.2}% 13
\BOOKMARK [3][-]{subsubsection.3.1.2.5}{\376\377\000m\000o\000v\000e\000F\000o\000r\000w\000a\000r\000d}{subsection.3.1.2}% 14
\BOOKMARK [3][-]{subsubsection.3.1.2.6}{\376\377\000p\000r\000i\000n\000t\000M\000o\000v\000e\000s}{subsection.3.1.2}% 15
\BOOKMARK [3][-]{subsubsection.3.1.2.7}{\376\377\000r\000e\000c\000S\000o\000l\000v\000e}{subsection.3.1.2}% 16
\BOOKMARK [3][-]{subsubsection.3.1.2.8}{\376\377\000s\000e\000t\000D\000e\000f\000a\000u\000l\000t}{subsection.3.1.2}% 17
\BOOKMARK [1][-]{section.3.2}{\376\377\000v\000e\000h\000i\000c\000l\000e\000\040\000C\000l\000a\000s\000s\000\040\000R\000e\000f\000e\000r\000e\000n\000c\000e}{chapter.3}% 18
\BOOKMARK [2][-]{subsection.3.2.1}{\376\377\000C\000o\000n\000s\000t\000r\000u\000c\000t\000o\000r\000\040\000\046\000\040\000D\000e\000s\000t\000r\000u\000c\000t\000o\000r\000\040\000D\000o\000c\000u\000m\000e\000n\000t\000a\000t\000i\000o\000n}{section.3.2}% 19
\BOOKMARK [3][-]{subsubsection.3.2.1.1}{\376\377\000v\000e\000h\000i\000c\000l\000e}{subsection.3.2.1}% 20
\BOOKMARK [3][-]{subsubsection.3.2.1.2}{\376\377\000v\000e\000h\000i\000c\000l\000e}{subsection.3.2.1}% 21
\BOOKMARK [2][-]{subsection.3.2.2}{\376\377\000M\000e\000m\000b\000e\000r\000\040\000D\000a\000t\000a\000\040\000D\000o\000c\000u\000m\000e\000n\000t\000a\000t\000i\000o\000n}{section.3.2}% 22
\BOOKMARK [3][-]{subsubsection.3.2.2.1}{\376\377\000i\000d}{subsection.3.2.2}% 23
\BOOKMARK [3][-]{subsubsection.3.2.2.2}{\376\377\000j\000u\000s\000t\000M\000o\000v\000e\000d\000B\000a\000c\000k\000w\000a\000r\000d}{subsection.3.2.2}% 24
\BOOKMARK [3][-]{subsubsection.3.2.2.3}{\376\377\000j\000u\000s\000t\000M\000o\000v\000e\000d\000F\000o\000r\000w\000a\000r\000d}{subsection.3.2.2}% 25
\BOOKMARK [3][-]{subsubsection.3.2.2.4}{\376\377\000l\000e\000f\000t\000X}{subsection.3.2.2}% 26
\BOOKMARK [3][-]{subsubsection.3.2.2.5}{\376\377\000o\000r\000i\000e\000n\000t\000a\000t\000i\000o\000n}{subsection.3.2.2}% 27
\BOOKMARK [3][-]{subsubsection.3.2.2.6}{\376\377\000s\000i\000z\000e}{subsection.3.2.2}% 28
\BOOKMARK [3][-]{subsubsection.3.2.2.7}{\376\377\000t\000o\000p\000Y}{subsection.3.2.2}% 29
\BOOKMARK [0][-]{chapter.4}{\376\377\000F\000i\000l\000e\000\040\000D\000o\000c\000u\000m\000e\000n\000t\000a\000t\000i\000o\000n}{}% 30
\BOOKMARK [1][-]{section.4.1}{\376\377\000r\000u\000s\000h\000H\000o\000u\000r\000.\000c\000p\000p\000\040\000F\000i\000l\000e\000\040\000R\000e\000f\000e\000r\000e\000n\000c\000e}{chapter.4}% 31
\BOOKMARK [2][-]{subsection.4.1.1}{\376\377\000F\000u\000n\000c\000t\000i\000o\000n\000\040\000D\000o\000c\000u\000m\000e\000n\000t\000a\000t\000i\000o\000n}{section.4.1}% 32
\BOOKMARK [3][-]{subsubsection.4.1.1.1}{\376\377\000m\000a\000i\000n}{subsection.4.1.1}% 33
\BOOKMARK [1][-]{section.4.2}{\376\377\000r\000u\000s\000h\000H\000o\000u\000r\000.\000h\000\040\000F\000i\000l\000e\000\040\000R\000e\000f\000e\000r\000e\000n\000c\000e}{chapter.4}% 34
\BOOKMARK [2][-]{subsection.4.2.1}{\376\377\000V\000a\000r\000i\000a\000b\000l\000e\000\040\000D\000o\000c\000u\000m\000e\000n\000t\000a\000t\000i\000o\000n}{section.4.2}% 35
\BOOKMARK [3][-]{subsubsection.4.2.1.1}{\376\377\000E\000M\000P\000T\000Y\000\137\000V\000A\000L}{subsection.4.2.1}% 36
\BOOKMARK [-1][-]{section*.8}{\376\377\000I\000n\000d\000e\000x}{}% 37
